{
"contracts/Voting.sol":{"l":{"42":932,"43":876,"51":7,"55":12,"62":426,"63":416,"65":414,"66":414,"73":676,"74":660,"77":658,"78":658,"79":658,"80":658,"86":181,"87":169,"88":167,"90":165,"91":165,"92":165,"94":165,"101":157,"102":139,"103":139,"107":113,"108":111,"109":111,"113":95,"114":85,"115":85,"119":66,"120":56,"121":56,"126":50,"127":30,"128":30,"129":174,"130":2,"133":30,"135":30,"136":30},"path":"/home/elgrego/dev/votingtest/contracts/Voting.sol","s":{"1":932,"2":7,"3":12,"4":426,"5":416,"6":414,"7":414,"8":676,"9":660,"10":658,"11":658,"12":658,"13":658,"14":181,"15":169,"16":167,"17":165,"18":165,"19":165,"20":157,"21":139,"22":139,"23":113,"24":111,"25":111,"26":95,"27":85,"28":85,"29":66,"30":56,"31":56,"32":50,"33":30,"34":30,"35":174,"36":2,"37":30,"38":30,"39":30},"b":{"1":[876,56],"2":[416,10],"3":[414,2],"4":[660,16],"5":[658,2],"6":[169,12],"7":[167,2],"8":[165,2],"9":[139,18],"10":[111,2],"11":[85,10],"12":[56,10],"13":[30,20],"14":[2,172]},"f":{"1":932,"2":7,"3":12,"4":426,"5":676,"6":181,"7":157,"8":113,"9":95,"10":66,"11":50},"fnMap":{"1":{"name":"onlyVoters","line":41,"loc":{"start":{"line":41,"column":4},"end":{"line":44,"column":4}}},"2":{"name":"getVoter","line":50,"loc":{"start":{"line":50,"column":4},"end":{"line":52,"column":4}}},"3":{"name":"getOneProposal","line":54,"loc":{"start":{"line":54,"column":4},"end":{"line":56,"column":4}}},"4":{"name":"addVoter","line":61,"loc":{"start":{"line":61,"column":4},"end":{"line":67,"column":4}}},"5":{"name":"addProposal","line":72,"loc":{"start":{"line":72,"column":4},"end":{"line":81,"column":4}}},"6":{"name":"setVote","line":85,"loc":{"start":{"line":85,"column":4},"end":{"line":95,"column":4}}},"7":{"name":"startProposalsRegistering","line":100,"loc":{"start":{"line":100,"column":4},"end":{"line":104,"column":4}}},"8":{"name":"endProposalsRegistering","line":106,"loc":{"start":{"line":106,"column":4},"end":{"line":110,"column":4}}},"9":{"name":"startVotingSession","line":112,"loc":{"start":{"line":112,"column":4},"end":{"line":116,"column":4}}},"10":{"name":"endVotingSession","line":118,"loc":{"start":{"line":118,"column":4},"end":{"line":122,"column":4}}},"11":{"name":"tallyVotes","line":125,"loc":{"start":{"line":125,"column":3},"end":{"line":137,"column":4}}}},"statementMap":{"1":{"start":{"line":42,"column":8},"end":{"line":42,"column":69}},"2":{"start":{"line":51,"column":8},"end":{"line":51,"column":28}},"3":{"start":{"line":55,"column":8},"end":{"line":55,"column":34}},"4":{"start":{"line":62,"column":8},"end":{"line":62,"column":105}},"5":{"start":{"line":63,"column":8},"end":{"line":63,"column":72}},"6":{"start":{"line":65,"column":8},"end":{"line":65,"column":40}},"7":{"start":{"line":66,"column":8},"end":{"line":66,"column":35}},"8":{"start":{"line":73,"column":8},"end":{"line":73,"column":110}},"9":{"start":{"line":74,"column":8},"end":{"line":74,"column":112}},"10":{"start":{"line":77,"column":8},"end":{"line":77,"column":32}},"11":{"start":{"line":78,"column":8},"end":{"line":78,"column":35}},"12":{"start":{"line":79,"column":8},"end":{"line":79,"column":36}},"13":{"start":{"line":80,"column":8},"end":{"line":80,"column":56}},"14":{"start":{"line":86,"column":8},"end":{"line":86,"column":106}},"15":{"start":{"line":87,"column":8},"end":{"line":87,"column":77}},"16":{"start":{"line":88,"column":8},"end":{"line":88,"column":65}},"17":{"start":{"line":90,"column":8},"end":{"line":90,"column":47}},"18":{"start":{"line":91,"column":8},"end":{"line":91,"column":41}},"19":{"start":{"line":94,"column":8},"end":{"line":94,"column":35}},"20":{"start":{"line":101,"column":8},"end":{"line":101,"column":111}},"21":{"start":{"line":102,"column":8},"end":{"line":102,"column":67}},"22":{"start":{"line":103,"column":8},"end":{"line":103,"column":112}},"23":{"start":{"line":107,"column":8},"end":{"line":107,"column":121}},"24":{"start":{"line":108,"column":8},"end":{"line":108,"column":65}},"25":{"start":{"line":109,"column":8},"end":{"line":109,"column":121}},"26":{"start":{"line":113,"column":8},"end":{"line":113,"column":122}},"27":{"start":{"line":114,"column":8},"end":{"line":114,"column":59}},"28":{"start":{"line":115,"column":8},"end":{"line":115,"column":113}},"29":{"start":{"line":119,"column":8},"end":{"line":119,"column":106}},"30":{"start":{"line":120,"column":8},"end":{"line":120,"column":57}},"31":{"start":{"line":121,"column":8},"end":{"line":121,"column":105}},"32":{"start":{"line":126,"column":7},"end":{"line":126,"column":112}},"33":{"start":{"line":127,"column":7},"end":{"line":127,"column":30}},"34":{"start":{"line":128,"column":6},"end":{"line":128,"column":4673}},"35":{"start":{"line":129,"column":11},"end":{"line":129,"column":4741}},"36":{"start":{"line":130,"column":15},"end":{"line":130,"column":36}},"37":{"start":{"line":133,"column":7},"end":{"line":133,"column":44}},"38":{"start":{"line":135,"column":7},"end":{"line":135,"column":50}},"39":{"start":{"line":136,"column":7},"end":{"line":136,"column":96}}},"branchMap":{"1":{"line":42,"type":"if","locations":[{"start":{"line":42,"column":8},"end":{"line":42,"column":8}},{"start":{"line":42,"column":8},"end":{"line":42,"column":8}}]},"2":{"line":62,"type":"if","locations":[{"start":{"line":62,"column":8},"end":{"line":62,"column":8}},{"start":{"line":62,"column":8},"end":{"line":62,"column":8}}]},"3":{"line":63,"type":"if","locations":[{"start":{"line":63,"column":8},"end":{"line":63,"column":8}},{"start":{"line":63,"column":8},"end":{"line":63,"column":8}}]},"4":{"line":73,"type":"if","locations":[{"start":{"line":73,"column":8},"end":{"line":73,"column":8}},{"start":{"line":73,"column":8},"end":{"line":73,"column":8}}]},"5":{"line":74,"type":"if","locations":[{"start":{"line":74,"column":8},"end":{"line":74,"column":8}},{"start":{"line":74,"column":8},"end":{"line":74,"column":8}}]},"6":{"line":86,"type":"if","locations":[{"start":{"line":86,"column":8},"end":{"line":86,"column":8}},{"start":{"line":86,"column":8},"end":{"line":86,"column":8}}]},"7":{"line":87,"type":"if","locations":[{"start":{"line":87,"column":8},"end":{"line":87,"column":8}},{"start":{"line":87,"column":8},"end":{"line":87,"column":8}}]},"8":{"line":88,"type":"if","locations":[{"start":{"line":88,"column":8},"end":{"line":88,"column":8}},{"start":{"line":88,"column":8},"end":{"line":88,"column":8}}]},"9":{"line":101,"type":"if","locations":[{"start":{"line":101,"column":8},"end":{"line":101,"column":8}},{"start":{"line":101,"column":8},"end":{"line":101,"column":8}}]},"10":{"line":107,"type":"if","locations":[{"start":{"line":107,"column":8},"end":{"line":107,"column":8}},{"start":{"line":107,"column":8},"end":{"line":107,"column":8}}]},"11":{"line":113,"type":"if","locations":[{"start":{"line":113,"column":8},"end":{"line":113,"column":8}},{"start":{"line":113,"column":8},"end":{"line":113,"column":8}}]},"12":{"line":119,"type":"if","locations":[{"start":{"line":119,"column":8},"end":{"line":119,"column":8}},{"start":{"line":119,"column":8},"end":{"line":119,"column":8}}]},"13":{"line":126,"type":"if","locations":[{"start":{"line":126,"column":7},"end":{"line":126,"column":7}},{"start":{"line":126,"column":7},"end":{"line":126,"column":7}}]},"14":{"line":129,"type":"if","locations":[{"start":{"line":129,"column":11},"end":{"line":129,"column":11}},{"start":{"line":129,"column":11},"end":{"line":129,"column":11}}]}}}}
